<?xml version="1.0" encoding="UTF-8"?>
<!-- Generated by org.testng.reporters.JUnitXMLReporter -->
<testsuite ignored="0" hostname="ThivakarDeivendran" failures="0" tests="3" name="Test" time="29.489" errors="0" timestamp="2024-07-27T15:29:27 IST">
  <testcase classname="testDockerPackage.TestDocker" name="testMethod" time="7.799"/>
  <testcase classname="testDockerPackage.TestDocker3" name="testMethod3" time="8.946"/>
  <testcase classname="testDockerPackage.TestDocker2" name="testMethod2" time="13.361"/>
</testsuite> <!-- Test -->
