<?xml version="1.0" encoding="UTF-8"?>
<testng-results ignored="0" total="3" passed="3" failed="0" skipped="0">
  <reporter-output>
  </reporter-output>
  <suite started-at="2024-07-27T15:28:57 IST" name="Suite" finished-at="2024-07-27T15:29:27 IST" duration-ms="29489">
    <groups>
    </groups>
    <test started-at="2024-07-27T15:28:57 IST" name="Test" finished-at="2024-07-27T15:29:27 IST" duration-ms="29489">
      <class name="testDockerPackage.TestDocker">
        <test-method signature="testMethod()[pri:0, instance:testDockerPackage.TestDocker@470734c3]" started-at="2024-07-27T15:29:07 IST" name="testMethod" finished-at="2024-07-27T15:29:15 IST" duration-ms="7799" status="PASS">
          <reporter-output>
          </reporter-output>
        </test-method> <!-- testMethod -->
      </class> <!-- testDockerPackage.TestDocker -->
      <class name="testDockerPackage.Docker_SetUp">
        <test-method is-config="true" signature="startDocker()[pri:0, instance:testDockerPackage.Docker_SetUp@2a7f1f10]" started-at="2024-07-27T15:28:57 IST" name="startDocker" finished-at="2024-07-27T15:29:07 IST" duration-ms="10028" status="PASS">
          <reporter-output>
          </reporter-output>
        </test-method> <!-- startDocker -->
        <test-method is-config="true" signature="stopDocker()[pri:0, instance:testDockerPackage.Docker_SetUp@2a7f1f10]" started-at="2024-07-27T15:29:21 IST" name="stopDocker" finished-at="2024-07-27T15:29:27 IST" duration-ms="6051" status="PASS">
          <reporter-output>
          </reporter-output>
        </test-method> <!-- stopDocker -->
      </class> <!-- testDockerPackage.Docker_SetUp -->
      <class name="testDockerPackage.TestDocker2">
        <test-method signature="testMethod2()[pri:0, instance:testDockerPackage.TestDocker2@2eae8e6e]" started-at="2024-07-27T15:29:07 IST" name="testMethod2" finished-at="2024-07-27T15:29:21 IST" duration-ms="13361" status="PASS">
          <reporter-output>
          </reporter-output>
        </test-method> <!-- testMethod2 -->
      </class> <!-- testDockerPackage.TestDocker2 -->
      <class name="testDockerPackage.TestDocker3">
        <test-method signature="testMethod3()[pri:0, instance:testDockerPackage.TestDocker3@8f2ef19]" started-at="2024-07-27T15:29:07 IST" name="testMethod3" finished-at="2024-07-27T15:29:16 IST" duration-ms="8946" status="PASS">
          <reporter-output>
          </reporter-output>
        </test-method> <!-- testMethod3 -->
      </class> <!-- testDockerPackage.TestDocker3 -->
    </test> <!-- Test -->
  </suite> <!-- Suite -->
</testng-results>
